<?xml version="1.0" encoding="utf-8"?><testsuites name="pytest tests"><testsuite name="pytest" errors="0" failures="0" skipped="0" tests="26" time="12.400" timestamp="2026-04-23T19:27:17.209853+00:00" hostname="agent-env-48ccbbac-c751-4a97-b684-fa74616443e0"><testcase classname="backend.tests.backend_test.TestAuth" name="test_register_duplicate_rejected" time="0.188" /><testcase classname="backend.tests.backend_test.TestAuth" name="test_login_wrong_password" time="0.281" /><testcase classname="backend.tests.backend_test.TestAuth" name="test_me_requires_token" time="0.056" /><testcase classname="backend.tests.backend_test.TestAuth" name="test_me_returns_user" time="0.415" /><testcase classname="backend.tests.backend_test.TestAuth" name="test_profile_update" time="0.146" /><testcase classname="backend.tests.backend_test.TestExpenses" name="test_create_expense_auto_categorized_swiggy" time="0.066" /><testcase classname="backend.tests.backend_test.TestExpenses" name="test_create_expense_uber" time="0.055" /><testcase classname="backend.tests.backend_test.TestExpenses" name="test_list_expenses" time="0.060" /><testcase classname="backend.tests.backend_test.TestExpenses" name="test_list_expenses_category_filter" time="0.134" /><testcase classname="backend.tests.backend_test.TestExpenses" name="test_expenses_summary" time="0.062" /><testcase classname="backend.tests.backend_test.TestExpenses" name="test_csv_upload" time="0.122" /><testcase classname="backend.tests.backend_test.TestExpenses" name="test_delete_expense" time="0.127" /><testcase classname="backend.tests.backend_test.TestExpenses" name="test_delete_nonexistent" time="0.069" /><testcase classname="backend.tests.backend_test.TestInsights" name="test_insights" time="8.289" /><testcase classname="backend.tests.backend_test.TestPortfolio" name="test_add_stock_holding" time="0.773" /><testcase classname="backend.tests.backend_test.TestPortfolio" name="test_add_second_stock" time="0.234" /><testcase classname="backend.tests.backend_test.TestPortfolio" name="test_invalid_asset_type" time="0.056" /><testcase classname="backend.tests.backend_test.TestPortfolio" name="test_list_portfolio" time="0.172" /><testcase classname="backend.tests.backend_test.TestPortfolio" name="test_refresh_prices" time="0.101" /><testcase classname="backend.tests.backend_test.TestPortfolio" name="test_delete_holding" time="0.124" /><testcase classname="backend.tests.backend_test.TestPricesMF" name="test_mf_search_parag" time="0.078" /><testcase classname="backend.tests.backend_test.TestAffiliates" name="test_recommendations" time="0.065" /><testcase classname="backend.tests.backend_test.TestSubscription" name="test_plans" time="0.098" /><testcase classname="backend.tests.backend_test.TestSubscription" name="test_create_order_503_when_razorpay_missing" time="0.074" /><testcase classname="backend.tests.backend_test.TestSubscription" name="test_create_order_invalid_plan" time="0.056" /><testcase classname="backend.tests.backend_test.TestNoIdLeak" name="test_no_mongo_id_in_common_responses" time="0.428" /></testsuite></testsuites>