<?xml version="1.0" encoding="utf-8"?><testsuites name="pytest tests"><testsuite name="pytest" errors="0" failures="0" skipped="0" tests="33" time="14.265" timestamp="2026-04-23T19:56:26.644873+00:00" hostname="agent-env-48ccbbac-c751-4a97-b684-fa74616443e0"><testcase classname="backend.tests.backend_test.TestAuth" name="test_register_duplicate_rejected" time="0.225" /><testcase classname="backend.tests.backend_test.TestAuth" name="test_login_wrong_password" time="0.276" /><testcase classname="backend.tests.backend_test.TestAuth" name="test_me_requires_token" time="0.049" /><testcase classname="backend.tests.backend_test.TestAuth" name="test_me_returns_user" time="0.362" /><testcase classname="backend.tests.backend_test.TestAuth" name="test_profile_update" time="0.102" /><testcase classname="backend.tests.backend_test.TestExpenses" name="test_create_expense_auto_categorized_swiggy" time="0.048" /><testcase classname="backend.tests.backend_test.TestExpenses" name="test_create_expense_uber" time="0.053" /><testcase classname="backend.tests.backend_test.TestExpenses" name="test_list_expenses" time="0.047" /><testcase classname="backend.tests.backend_test.TestExpenses" name="test_list_expenses_category_filter" time="0.096" /><testcase classname="backend.tests.backend_test.TestExpenses" name="test_expenses_summary" time="0.050" /><testcase classname="backend.tests.backend_test.TestExpenses" name="test_csv_upload" time="0.157" /><testcase classname="backend.tests.backend_test.TestExpenses" name="test_delete_expense" time="0.103" /><testcase classname="backend.tests.backend_test.TestExpenses" name="test_delete_nonexistent" time="0.048" /><testcase classname="backend.tests.backend_test.TestInsights" name="test_insights" time="0.047" /><testcase classname="backend.tests.backend_test.TestPortfolio" name="test_add_stock_holding" time="0.819" /><testcase classname="backend.tests.backend_test.TestPortfolio" name="test_add_second_stock" time="0.155" /><testcase classname="backend.tests.backend_test.TestPortfolio" name="test_invalid_asset_type" time="0.051" /><testcase classname="backend.tests.backend_test.TestPortfolio" name="test_list_portfolio" time="0.179" /><testcase classname="backend.tests.backend_test.TestPortfolio" name="test_refresh_prices" time="0.088" /><testcase classname="backend.tests.backend_test.TestPortfolio" name="test_delete_holding" time="0.096" /><testcase classname="backend.tests.backend_test.TestPricesMF" name="test_mf_search_parag" time="0.047" /><testcase classname="backend.tests.backend_test.TestAffiliates" name="test_recommendations" time="0.048" /><testcase classname="backend.tests.backend_test.TestSubscription" name="test_plans" time="0.046" /><testcase classname="backend.tests.backend_test.TestSubscription" name="test_create_order_real_razorpay_basic" time="0.998" /><testcase classname="backend.tests.backend_test.TestSubscription" name="test_create_order_invalid_plan" time="0.045" /><testcase classname="backend.tests.backend_test.TestQuickInsights" name="test_quick_insights_shape_and_speed" time="0.053" /><testcase classname="backend.tests.backend_test.TestInsightsCache" name="test_insights_cached_second_call_fast" time="8.433" /><testcase classname="backend.tests.backend_test.TestChallenge" name="test_challenge_shape" time="0.076" /><testcase classname="backend.tests.backend_test.TestChallenge" name="test_challenge_reflects_income_bump" time="0.104" /><testcase classname="backend.tests.backend_test.TestAdmin" name="test_admin_me_is_admin_and_pro" time="0.383" /><testcase classname="backend.tests.backend_test.TestAdmin" name="test_admin_create_order_basic_returns_admin_grant" time="0.066" /><testcase classname="backend.tests.backend_test.TestAdmin" name="test_admin_create_order_pro_returns_admin_grant" time="0.050" /><testcase classname="backend.tests.backend_test.TestNoIdLeak" name="test_no_mongo_id_in_common_responses" time="0.740" /></testsuite></testsuites>